<?xml version="1.0" encoding="UTF-8"?>
<testsuite name="PersonalAssistantTest" tests="1" skipped="0" failures="0" errors="0" timestamp="2020-02-24T18:42:47" hostname="MacBook-Pro-Dmitrii.local" time="0.071">
  <properties/>
  <testcase name="start" classname="PersonalAssistantTest" time="0.071"/>
  <system-out><![CDATA[?[1;31m
Start test 1?[0m
Hello! My name is Emmy.
I was created in 2020.
Please, remind me your name.
>Marry
What a great name you have, Marry!
Let me guess your age.
Say me remainders of dividing your age by 3, 5 and 7.
>1 0 5
Your age is 40; that's a good time to start programming!
Now I will prove to you that I can count to any number you want.
>10
0!
1!
2!
3!
4!
5!
6!
7!
8!
9!
10!
Let's test your programming knowledge.
What is Java variable?
1. Piece of memory that can contain a data value
2. It's something valuable in bank account
3. I don't know
Please, try again
Congratulations, have a nice day!
]]></system-out>
  <system-err><![CDATA[]]></system-err>
</testsuite>
